<?xml version="1.0" encoding="UTF-8" ?>
<testsuite tests="3" failures="0" name="auction.service.AuctionMgrTest" time="1.775" errors="1" skipped="1">
  <properties>
[...]
</properties>
  <testcase classname="auction.service.AuctionMgrTest" name="newBid" time="0.27">
    <error message="java.lang.IllegalStateException: During synchronization a new object was found through a relationship that was not marked cascade PERSIST: auction.domain.Bid@37b56ac7." type="javax.persistence.RollbackException">javax.persistence.RollbackException: java.lang.IllegalStateException: During synchronization a new object was found through a relationship that was not marked cascade PERSIST: auction.domain.Bid@37b56ac7.
	at org.eclipse.persistence.internal.jpa.transaction.EntityTransactionImpl.commit(EntityTransactionImpl.java:157)
	at auction.service.AuctionMgrTest.newBid(AuctionMgrTest.java:105)
	at sun.reflect.NativeMethodAccessorImpl.invoke0(Native Method)
	at sun.reflect.NativeMethodAccessorImpl.invoke(NativeMethodAccessorImpl.java:62)
	at sun.reflect.DelegatingMethodAccessorImpl.invoke(DelegatingMethodAccessorImpl.java:43)
	at java.lang.reflect.Method.invoke(Method.java:483)
	at org.junit.runners.model.FrameworkMethod$1.runReflectiveCall(FrameworkMethod.java:47)
	at org.junit.internal.runners.model.ReflectiveCallable.run(ReflectiveCallable.java:12)
	at org.junit.runners.model.FrameworkMethod.invokeExplosively(FrameworkMethod.java:44)
	at org.junit.internal.runners.statements.InvokeMethod.evaluate(InvokeMethod.java:17)
	at org.junit.internal.runners.statements.RunBefores.evaluate(RunBefores.java:26)
	at org.junit.runners.ParentRunner.runLeaf(ParentRunner.java:271)
	at org.junit.runners.BlockJUnit4ClassRunner.runChild(BlockJUnit4ClassRunner.java:70)
	at org.junit.runners.BlockJUnit4ClassRunner.runChild(BlockJUnit4ClassRunner.java:50)
	at org.junit.runners.ParentRunner$3.run(ParentRunner.java:238)
	at org.junit.runners.ParentRunner$1.schedule(ParentRunner.java:63)
	at org.junit.runners.ParentRunner.runChildren(ParentRunner.java:236)
	at org.junit.runners.ParentRunner.access$000(ParentRunner.java:53)
	at org.junit.runners.ParentRunner$2.evaluate(ParentRunner.java:229)
	at org.junit.runners.ParentRunner.run(ParentRunner.java:309)
	at org.apache.maven.surefire.junit4.JUnit4TestSet.execute(JUnit4TestSet.java:53)
	at org.apache.maven.surefire.junit4.JUnit4Provider.executeTestSet(JUnit4Provider.java:123)
	at org.apache.maven.surefire.junit4.JUnit4Provider.invoke(JUnit4Provider.java:104)
	at sun.reflect.NativeMethodAccessorImpl.invoke0(Native Method)
	at sun.reflect.NativeMethodAccessorImpl.invoke(NativeMethodAccessorImpl.java:62)
	at sun.reflect.DelegatingMethodAccessorImpl.invoke(DelegatingMethodAccessorImpl.java:43)
	at java.lang.reflect.Method.invoke(Method.java:483)
	at org.apache.maven.surefire.util.ReflectionUtils.invokeMethodWithArray(ReflectionUtils.java:164)
	at org.apache.maven.surefire.booter.ProviderFactory$ProviderProxy.invoke(ProviderFactory.java:110)
	at org.apache.maven.surefire.booter.SurefireStarter.invokeProvider(SurefireStarter.java:175)
	at org.apache.maven.surefire.booter.SurefireStarter.runSuitesInProcessWhenForked(SurefireStarter.java:107)
	at org.apache.maven.surefire.booter.ForkedBooter.main(ForkedBooter.java:68)
Caused by: java.lang.IllegalStateException: During synchronization a new object was found through a relationship that was not marked cascade PERSIST: auction.domain.Bid@37b56ac7.
	at org.eclipse.persistence.internal.sessions.RepeatableWriteUnitOfWork.discoverUnregisteredNewObjects(RepeatableWriteUnitOfWork.java:310)
	at org.eclipse.persistence.internal.sessions.UnitOfWorkImpl.calculateChanges(UnitOfWorkImpl.java:721)
	at org.eclipse.persistence.internal.sessions.UnitOfWorkImpl.commitToDatabaseWithChangeSet(UnitOfWorkImpl.java:1514)
	at org.eclipse.persistence.internal.sessions.RepeatableWriteUnitOfWork.commitRootUnitOfWork(RepeatableWriteUnitOfWork.java:277)
	at org.eclipse.persistence.internal.sessions.UnitOfWorkImpl.commitAndResume(UnitOfWorkImpl.java:1167)
	at org.eclipse.persistence.internal.jpa.transaction.EntityTransactionImpl.commit(EntityTransactionImpl.java:132)
	... 31 more
</error>
    <system-out>[EL Config]: metadata: 2014-12-08 13:58:18.311--ServerSession(1373810119)--Thread(Thread[main,5,main])--The access type for the persistent class [class auction.domain.Bid] is set to [FIELD].
[EL Config]: metadata: 2014-12-08 13:58:18.334--ServerSession(1373810119)--Thread(Thread[main,5,main])--The target entity (reference) class for the many to one mapping element [field item] is being defaulted to: class auction.domain.Item.
[EL Config]: metadata: 2014-12-08 13:58:18.34--ServerSession(1373810119)--Thread(Thread[main,5,main])--The target entity (reference) class for the many to one mapping element [field buyer] is being defaulted to: class auction.domain.User.
[EL Config]: metadata: 2014-12-08 13:58:18.34--ServerSession(1373810119)--Thread(Thread[main,5,main])--The access type for the persistent class [class auction.domain.Item] is set to [FIELD].
[EL Config]: metadata: 2014-12-08 13:58:18.34--ServerSession(1373810119)--Thread(Thread[main,5,main])--The target entity (reference) class for the many to one mapping element [field seller] is being defaulted to: class auction.domain.User.
[EL Config]: metadata: 2014-12-08 13:58:18.341--ServerSession(1373810119)--Thread(Thread[main,5,main])--The target entity (reference) class for the one to one mapping element [field highest] is being defaulted to: class auction.domain.Bid.
[EL Config]: metadata: 2014-12-08 13:58:18.346--ServerSession(1373810119)--Thread(Thread[main,5,main])--The target entity (reference) class for the one to many mapping element [field bids] is being defaulted to: class auction.domain.Bid.
[EL Config]: metadata: 2014-12-08 13:58:18.347--ServerSession(1373810119)--Thread(Thread[main,5,main])--The target entity (reference) class for the many to one mapping element [field category] is being defaulted to: class auction.domain.Category.
[EL Config]: metadata: 2014-12-08 13:58:18.347--ServerSession(1373810119)--Thread(Thread[main,5,main])--The access type for the persistent class [class auction.domain.User] is set to [FIELD].
[EL Config]: metadata: 2014-12-08 13:58:18.348--ServerSession(1373810119)--Thread(Thread[main,5,main])--The target entity (reference) class for the one to many mapping element [field offeredItems] is being defaulted to: class auction.domain.Item.
[EL Config]: metadata: 2014-12-08 13:58:18.348--ServerSession(1373810119)--Thread(Thread[main,5,main])--The target entity (reference) class for the one to many mapping element [field bids] is being defaulted to: class auction.domain.Bid.
[EL Config]: metadata: 2014-12-08 13:58:18.349--ServerSession(1373810119)--Thread(Thread[main,5,main])--The access type for the persistent class [class auction.domain.Category] is set to [FIELD].
[EL Config]: metadata: 2014-12-08 13:58:18.349--ServerSession(1373810119)--Thread(Thread[main,5,main])--The target entity (reference) class for the one to many mapping element [field items] is being defaulted to: class auction.domain.Item.
[EL Config]: metadata: 2014-12-08 13:58:18.35--ServerSession(1373810119)--Thread(Thread[main,5,main])--The access type for the persistent class [class auction.domain.Painitng] is set to [FIELD].
[EL Config]: metadata: 2014-12-08 13:58:18.35--ServerSession(1373810119)--Thread(Thread[main,5,main])--The access type for the persistent class [class auction.domain.Furniture] is set to [FIELD].
[EL Config]: metadata: 2014-12-08 13:58:18.351--ServerSession(1373810119)--Thread(Thread[main,5,main])--The access type for the persistent class [class nl.fontys.util.Money] is set to [FIELD].
[EL Config]: metadata: 2014-12-08 13:58:18.352--ServerSession(1373810119)--Thread(Thread[main,5,main])--The alias name for the entity class [class auction.domain.Bid] is being defaulted to: Bid.
[EL Config]: metadata: 2014-12-08 13:58:18.354--ServerSession(1373810119)--Thread(Thread[main,5,main])--The table name for entity [class auction.domain.Bid] is being defaulted to: BID.
[EL Config]: metadata: 2014-12-08 13:58:18.371--ServerSession(1373810119)--Thread(Thread[main,5,main])--The column name for element [cents] is being defaulted to: CENTS.
[EL Config]: metadata: 2014-12-08 13:58:18.372--ServerSession(1373810119)--Thread(Thread[main,5,main])--The column name for element [currency] is being defaulted to: CURRENCY.
[EL Config]: metadata: 2014-12-08 13:58:18.373--ServerSession(1373810119)--Thread(Thread[main,5,main])--The column name for element [id] is being defaulted to: ID.
[EL Config]: metadata: 2014-12-08 13:58:18.373--ServerSession(1373810119)--Thread(Thread[main,5,main])--The column name for element [time] is being defaulted to: TIME.
[EL Config]: metadata: 2014-12-08 13:58:18.376--ServerSession(1373810119)--Thread(Thread[main,5,main])--The alias name for the entity class [class auction.domain.Item] is being defaulted to: Item.
[EL Config]: metadata: 2014-12-08 13:58:18.376--ServerSession(1373810119)--Thread(Thread[main,5,main])--The table name for entity [class auction.domain.Item] is being defaulted to: ITEM.
[EL Config]: metadata: 2014-12-08 13:58:18.377--ServerSession(1373810119)--Thread(Thread[main,5,main])--The column name for element [description] is being defaulted to: DESCRIPTION.
[EL Config]: metadata: 2014-12-08 13:58:18.378--ServerSession(1373810119)--Thread(Thread[main,5,main])--The column name for element [id] is being defaulted to: ID.
[EL Config]: metadata: 2014-12-08 13:58:18.378--ServerSession(1373810119)--Thread(Thread[main,5,main])--The alias name for the entity class [class auction.domain.User] is being defaulted to: User.
[EL Config]: metadata: 2014-12-08 13:58:18.381--ServerSession(1373810119)--Thread(Thread[main,5,main])--The table name for entity [class auction.domain.User] is being defaulted to: USER.
[EL Config]: metadata: 2014-12-08 13:58:18.381--ServerSession(1373810119)--Thread(Thread[main,5,main])--The column name for element [email] is being defaulted to: EMAIL.
[EL Config]: metadata: 2014-12-08 13:58:18.381--ServerSession(1373810119)--Thread(Thread[main,5,main])--The alias name for the entity class [class auction.domain.Category] is being defaulted to: Category.
[EL Config]: metadata: 2014-12-08 13:58:18.382--ServerSession(1373810119)--Thread(Thread[main,5,main])--The table name for entity [class auction.domain.Category] is being defaulted to: CATEGORY.
[EL Config]: metadata: 2014-12-08 13:58:18.382--ServerSession(1373810119)--Thread(Thread[main,5,main])--The column name for element [description] is being defaulted to: DESCRIPTION.
[EL Config]: metadata: 2014-12-08 13:58:18.382--ServerSession(1373810119)--Thread(Thread[main,5,main])--The alias name for the entity class [class auction.domain.Painitng] is being defaulted to: Painitng.
[EL Config]: metadata: 2014-12-08 13:58:18.382--ServerSession(1373810119)--Thread(Thread[main,5,main])--The table name for entity [class auction.domain.Painitng] is being defaulted to: PAINITNG.
[EL Config]: metadata: 2014-12-08 13:58:18.383--ServerSession(1373810119)--Thread(Thread[main,5,main])--The target entity (reference) class for the many to one mapping element [field seller] is being defaulted to: class auction.domain.User.
[EL Config]: metadata: 2014-12-08 13:58:18.383--ServerSession(1373810119)--Thread(Thread[main,5,main])--The target entity (reference) class for the one to one mapping element [field highest] is being defaulted to: class auction.domain.Bid.
[EL Config]: metadata: 2014-12-08 13:58:18.383--ServerSession(1373810119)--Thread(Thread[main,5,main])--The target entity (reference) class for the one to many mapping element [field bids] is being defaulted to: class auction.domain.Bid.
[EL Config]: metadata: 2014-12-08 13:58:18.384--ServerSession(1373810119)--Thread(Thread[main,5,main])--The target entity (reference) class for the many to one mapping element [field category] is being defaulted to: class auction.domain.Category.
[EL Config]: metadata: 2014-12-08 13:58:18.384--ServerSession(1373810119)--Thread(Thread[main,5,main])--The column name for element [painter] is being defaulted to: PAINTER.
[EL Config]: metadata: 2014-12-08 13:58:18.385--ServerSession(1373810119)--Thread(Thread[main,5,main])--The column name for element [description] is being defaulted to: DESCRIPTION.
[EL Config]: metadata: 2014-12-08 13:58:18.385--ServerSession(1373810119)--Thread(Thread[main,5,main])--The column name for element [id] is being defaulted to: ID.
[EL Config]: metadata: 2014-12-08 13:58:18.385--ServerSession(1373810119)--Thread(Thread[main,5,main])--The column name for element [title] is being defaulted to: TITLE.
[EL Config]: metadata: 2014-12-08 13:58:18.385--ServerSession(1373810119)--Thread(Thread[main,5,main])--The alias name for the entity class [class auction.domain.Furniture] is being defaulted to: Furniture.
[EL Config]: metadata: 2014-12-08 13:58:18.386--ServerSession(1373810119)--Thread(Thread[main,5,main])--The table name for entity [class auction.domain.Furniture] is being defaulted to: FURNITURE.
[EL Config]: metadata: 2014-12-08 13:58:18.386--ServerSession(1373810119)--Thread(Thread[main,5,main])--The target entity (reference) class for the many to one mapping element [field seller] is being defaulted to: class auction.domain.User.
[EL Config]: metadata: 2014-12-08 13:58:18.386--ServerSession(1373810119)--Thread(Thread[main,5,main])--The target entity (reference) class for the one to one mapping element [field highest] is being defaulted to: class auction.domain.Bid.
[EL Config]: metadata: 2014-12-08 13:58:18.386--ServerSession(1373810119)--Thread(Thread[main,5,main])--The target entity (reference) class for the one to many mapping element [field bids] is being defaulted to: class auction.domain.Bid.
[EL Config]: metadata: 2014-12-08 13:58:18.387--ServerSession(1373810119)--Thread(Thread[main,5,main])--The target entity (reference) class for the many to one mapping element [field category] is being defaulted to: class auction.domain.Category.
[EL Config]: metadata: 2014-12-08 13:58:18.387--ServerSession(1373810119)--Thread(Thread[main,5,main])--The column name for element [material] is being defaulted to: MATERIAL.
[EL Config]: metadata: 2014-12-08 13:58:18.387--ServerSession(1373810119)--Thread(Thread[main,5,main])--The column name for element [description] is being defaulted to: DESCRIPTION.
[EL Config]: metadata: 2014-12-08 13:58:18.388--ServerSession(1373810119)--Thread(Thread[main,5,main])--The column name for element [id] is being defaulted to: ID.
[EL Config]: metadata: 2014-12-08 13:58:18.404--ServerSession(1373810119)--Thread(Thread[main,5,main])--The primary key column name for the mapping element [field item] is being defaulted to: ID.
[EL Config]: metadata: 2014-12-08 13:58:18.405--ServerSession(1373810119)--Thread(Thread[main,5,main])--The foreign key column name for the mapping element [item] is being defaulted to: ITEM_ID.
[EL Config]: metadata: 2014-12-08 13:58:18.405--ServerSession(1373810119)--Thread(Thread[main,5,main])--The primary key column name for the mapping element [field buyer] is being defaulted to: EMAIL.
[EL Config]: metadata: 2014-12-08 13:58:18.405--ServerSession(1373810119)--Thread(Thread[main,5,main])--The foreign key column name for the mapping element [buyer] is being defaulted to: BUYER_EMAIL.
[EL Config]: metadata: 2014-12-08 13:58:18.405--ServerSession(1373810119)--Thread(Thread[main,5,main])--The primary key column name for the mapping element [field seller] is being defaulted to: EMAIL.
[EL Config]: metadata: 2014-12-08 13:58:18.406--ServerSession(1373810119)--Thread(Thread[main,5,main])--The foreign key column name for the mapping element [seller] is being defaulted to: SELLER_EMAIL.
[EL Config]: metadata: 2014-12-08 13:58:18.406--ServerSession(1373810119)--Thread(Thread[main,5,main])--The primary key column name for the mapping element [field highest] is being defaulted to: ID.
[EL Config]: metadata: 2014-12-08 13:58:18.406--ServerSession(1373810119)--Thread(Thread[main,5,main])--The foreign key column name for the mapping element [highest] is being defaulted to: HIGHEST_ID.
[EL Config]: metadata: 2014-12-08 13:58:18.406--ServerSession(1373810119)--Thread(Thread[main,5,main])--The primary key column name for the mapping element [field category] is being defaulted to: DESCRIPTION.
[EL Config]: metadata: 2014-12-08 13:58:18.406--ServerSession(1373810119)--Thread(Thread[main,5,main])--The foreign key column name for the mapping element [category] is being defaulted to: CATEGORY_DESCRIPTION.
[EL Config]: metadata: 2014-12-08 13:58:18.407--ServerSession(1373810119)--Thread(Thread[main,5,main])--The primary key column name for the mapping element [field seller] is being defaulted to: EMAIL.
[EL Config]: metadata: 2014-12-08 13:58:18.407--ServerSession(1373810119)--Thread(Thread[main,5,main])--The foreign key column name for the mapping element [seller] is being defaulted to: SELLER_EMAIL.
[EL Config]: metadata: 2014-12-08 13:58:18.407--ServerSession(1373810119)--Thread(Thread[main,5,main])--The primary key column name for the mapping element [field highest] is being defaulted to: ID.
[EL Config]: metadata: 2014-12-08 13:58:18.407--ServerSession(1373810119)--Thread(Thread[main,5,main])--The foreign key column name for the mapping element [highest] is being defaulted to: HIGHEST_ID.
[EL Config]: metadata: 2014-12-08 13:58:18.408--ServerSession(1373810119)--Thread(Thread[main,5,main])--The primary key column name for the mapping element [field category] is being defaulted to: DESCRIPTION.
[EL Config]: metadata: 2014-12-08 13:58:18.408--ServerSession(1373810119)--Thread(Thread[main,5,main])--The foreign key column name for the mapping element [category] is being defaulted to: CATEGORY_DESCRIPTION.
[EL Config]: metadata: 2014-12-08 13:58:18.408--ServerSession(1373810119)--Thread(Thread[main,5,main])--The primary key column name for the mapping element [field seller] is being defaulted to: EMAIL.
[EL Config]: metadata: 2014-12-08 13:58:18.408--ServerSession(1373810119)--Thread(Thread[main,5,main])--The foreign key column name for the mapping element [seller] is being defaulted to: SELLER_EMAIL.
[EL Config]: metadata: 2014-12-08 13:58:18.409--ServerSession(1373810119)--Thread(Thread[main,5,main])--The primary key column name for the mapping element [field highest] is being defaulted to: ID.
[EL Config]: metadata: 2014-12-08 13:58:18.409--ServerSession(1373810119)--Thread(Thread[main,5,main])--The foreign key column name for the mapping element [highest] is being defaulted to: HIGHEST_ID.
[EL Config]: metadata: 2014-12-08 13:58:18.409--ServerSession(1373810119)--Thread(Thread[main,5,main])--The primary key column name for the mapping element [field category] is being defaulted to: DESCRIPTION.
[EL Config]: metadata: 2014-12-08 13:58:18.409--ServerSession(1373810119)--Thread(Thread[main,5,main])--The foreign key column name for the mapping element [category] is being defaulted to: CATEGORY_DESCRIPTION.
[EL Info]: 2014-12-08 13:58:18.854--ServerSession(1373810119)--Thread(Thread[main,5,main])--EclipseLink, version: Eclipse Persistence Services - 2.5.0.v20130507-3faac2b
[EL Fine]: connection: 2014-12-08 13:58:18.959--Thread(Thread[main,5,main])--Detected database platform: org.eclipse.persistence.platform.database.MySQLPlatform
[EL Config]: connection: 2014-12-08 13:58:18.97--ServerSession(1373810119)--Connection(1097380)--Thread(Thread[main,5,main])--connecting(DatabaseLogin(
	platform=&gt;MySQLPlatform
	user name=&gt; &quot;root&quot;
	datasource URL=&gt; &quot;jdbc:mysql://localhost:3306/veiling?zeroDateTimeBehavior=convertToNull&quot;
))
[EL Config]: connection: 2014-12-08 13:58:18.977--ServerSession(1373810119)--Connection(1037572328)--Thread(Thread[main,5,main])--Connected: jdbc:mysql://localhost:3306/veiling?zeroDateTimeBehavior=convertToNull
	User: root@localhost
	Database: MySQL  Version: 5.1.44
	Driver: MySQL-AB JDBC Driver  Version: mysql-connector-java-5.0.4 ( $Date: 2006-10-19 17:47:48 +0200 (Thu, 19 Oct 2006) $, $Revision: 5908 $ )
[EL Info]: connection: 2014-12-08 13:58:19.026--ServerSession(1373810119)--Thread(Thread[main,5,main])--file:/Users/Mike/Dropbox/school/p8/SE42/SE42/Opdracht 5/auction/target/classes/_db login successful
[EL Fine]: sql: 2014-12-08 13:58:19.042--ServerSession(1373810119)--Connection(1037572328)--Thread(Thread[main,5,main])--ALTER TABLE ITEM DROP FOREIGN KEY FK_ITEM_CATEGORY_DESCRIPTION
[EL Fine]: sql: 2014-12-08 13:58:19.072--ServerSession(1373810119)--Connection(1037572328)--Thread(Thread[main,5,main])--ALTER TABLE ITEM DROP FOREIGN KEY FK_ITEM_SELLER_EMAIL
[EL Fine]: sql: 2014-12-08 13:58:19.09--ServerSession(1373810119)--Connection(1037572328)--Thread(Thread[main,5,main])--ALTER TABLE ITEM DROP FOREIGN KEY FK_ITEM_HIGHEST_ID
[EL Fine]: sql: 2014-12-08 13:58:19.107--ServerSession(1373810119)--Connection(1037572328)--Thread(Thread[main,5,main])--ALTER TABLE BID DROP FOREIGN KEY FK_BID_BUYER_EMAIL
[EL Fine]: sql: 2014-12-08 13:58:19.119--ServerSession(1373810119)--Connection(1037572328)--Thread(Thread[main,5,main])--ALTER TABLE BID DROP FOREIGN KEY FK_BID_ITEM_ID
[EL Fine]: sql: 2014-12-08 13:58:19.13--ServerSession(1373810119)--Connection(1037572328)--Thread(Thread[main,5,main])--ALTER TABLE FURNITURE DROP FOREIGN KEY FK_FURNITURE_HIGHEST_ID
[EL Fine]: sql: 2014-12-08 13:58:19.142--ServerSession(1373810119)--Thread(Thread[main,5,main])--SELECT 1
[EL Warning]: 2014-12-08 13:58:19.143--ServerSession(1373810119)--Thread(Thread[main,5,main])--Exception [EclipseLink-4002] (Eclipse Persistence Services - 2.5.0.v20130507-3faac2b): org.eclipse.persistence.exceptions.DatabaseException
Internal Exception: com.mysql.jdbc.exceptions.MySQLSyntaxErrorException: Table &apos;veiling.furniture&apos; doesn&apos;t exist
Error Code: 1146
Call: ALTER TABLE FURNITURE DROP FOREIGN KEY FK_FURNITURE_HIGHEST_ID
Query: DataModifyQuery(sql=&quot;ALTER TABLE FURNITURE DROP FOREIGN KEY FK_FURNITURE_HIGHEST_ID&quot;)
[EL Fine]: sql: 2014-12-08 13:58:19.145--ServerSession(1373810119)--Connection(1037572328)--Thread(Thread[main,5,main])--ALTER TABLE FURNITURE DROP FOREIGN KEY FK_FURNITURE_SELLER_EMAIL
[EL Fine]: sql: 2014-12-08 13:58:19.146--ServerSession(1373810119)--Thread(Thread[main,5,main])--SELECT 1
[EL Warning]: 2014-12-08 13:58:19.147--ServerSession(1373810119)--Thread(Thread[main,5,main])--Exception [EclipseLink-4002] (Eclipse Persistence Services - 2.5.0.v20130507-3faac2b): org.eclipse.persistence.exceptions.DatabaseException
Internal Exception: com.mysql.jdbc.exceptions.MySQLSyntaxErrorException: Table &apos;veiling.furniture&apos; doesn&apos;t exist
Error Code: 1146
Call: ALTER TABLE FURNITURE DROP FOREIGN KEY FK_FURNITURE_SELLER_EMAIL
Query: DataModifyQuery(sql=&quot;ALTER TABLE FURNITURE DROP FOREIGN KEY FK_FURNITURE_SELLER_EMAIL&quot;)
[EL Fine]: sql: 2014-12-08 13:58:19.147--ServerSession(1373810119)--Connection(1037572328)--Thread(Thread[main,5,main])--ALTER TABLE FURNITURE DROP FOREIGN KEY FK_FURNITURE_CATEGORY_DESCRIPTION
[EL Fine]: sql: 2014-12-08 13:58:19.148--ServerSession(1373810119)--Thread(Thread[main,5,main])--SELECT 1
[EL Warning]: 2014-12-08 13:58:19.148--ServerSession(1373810119)--Thread(Thread[main,5,main])--Exception [EclipseLink-4002] (Eclipse Persistence Services - 2.5.0.v20130507-3faac2b): org.eclipse.persistence.exceptions.DatabaseException
Internal Exception: com.mysql.jdbc.exceptions.MySQLSyntaxErrorException: Table &apos;veiling.furniture&apos; doesn&apos;t exist
Error Code: 1146
Call: ALTER TABLE FURNITURE DROP FOREIGN KEY FK_FURNITURE_CATEGORY_DESCRIPTION
Query: DataModifyQuery(sql=&quot;ALTER TABLE FURNITURE DROP FOREIGN KEY FK_FURNITURE_CATEGORY_DESCRIPTION&quot;)
[EL Fine]: sql: 2014-12-08 13:58:19.149--ServerSession(1373810119)--Connection(1037572328)--Thread(Thread[main,5,main])--ALTER TABLE PAINITNG DROP FOREIGN KEY FK_PAINITNG_SELLER_EMAIL
[EL Fine]: sql: 2014-12-08 13:58:19.15--ServerSession(1373810119)--Thread(Thread[main,5,main])--SELECT 1
[EL Warning]: 2014-12-08 13:58:19.15--ServerSession(1373810119)--Thread(Thread[main,5,main])--Exception [EclipseLink-4002] (Eclipse Persistence Services - 2.5.0.v20130507-3faac2b): org.eclipse.persistence.exceptions.DatabaseException
Internal Exception: com.mysql.jdbc.exceptions.MySQLSyntaxErrorException: Table &apos;veiling.painitng&apos; doesn&apos;t exist
Error Code: 1146
Call: ALTER TABLE PAINITNG DROP FOREIGN KEY FK_PAINITNG_SELLER_EMAIL
Query: DataModifyQuery(sql=&quot;ALTER TABLE PAINITNG DROP FOREIGN KEY FK_PAINITNG_SELLER_EMAIL&quot;)
[EL Fine]: sql: 2014-12-08 13:58:19.151--ServerSession(1373810119)--Connection(1037572328)--Thread(Thread[main,5,main])--ALTER TABLE PAINITNG DROP FOREIGN KEY FK_PAINITNG_CATEGORY_DESCRIPTION
[EL Fine]: sql: 2014-12-08 13:58:19.151--ServerSession(1373810119)--Thread(Thread[main,5,main])--SELECT 1
[EL Warning]: 2014-12-08 13:58:19.152--ServerSession(1373810119)--Thread(Thread[main,5,main])--Exception [EclipseLink-4002] (Eclipse Persistence Services - 2.5.0.v20130507-3faac2b): org.eclipse.persistence.exceptions.DatabaseException
Internal Exception: com.mysql.jdbc.exceptions.MySQLSyntaxErrorException: Table &apos;veiling.painitng&apos; doesn&apos;t exist
Error Code: 1146
Call: ALTER TABLE PAINITNG DROP FOREIGN KEY FK_PAINITNG_CATEGORY_DESCRIPTION
Query: DataModifyQuery(sql=&quot;ALTER TABLE PAINITNG DROP FOREIGN KEY FK_PAINITNG_CATEGORY_DESCRIPTION&quot;)
[EL Fine]: sql: 2014-12-08 13:58:19.152--ServerSession(1373810119)--Connection(1037572328)--Thread(Thread[main,5,main])--ALTER TABLE PAINITNG DROP FOREIGN KEY FK_PAINITNG_HIGHEST_ID
[EL Fine]: sql: 2014-12-08 13:58:19.153--ServerSession(1373810119)--Thread(Thread[main,5,main])--SELECT 1
[EL Warning]: 2014-12-08 13:58:19.153--ServerSession(1373810119)--Thread(Thread[main,5,main])--Exception [EclipseLink-4002] (Eclipse Persistence Services - 2.5.0.v20130507-3faac2b): org.eclipse.persistence.exceptions.DatabaseException
Internal Exception: com.mysql.jdbc.exceptions.MySQLSyntaxErrorException: Table &apos;veiling.painitng&apos; doesn&apos;t exist
Error Code: 1146
Call: ALTER TABLE PAINITNG DROP FOREIGN KEY FK_PAINITNG_HIGHEST_ID
Query: DataModifyQuery(sql=&quot;ALTER TABLE PAINITNG DROP FOREIGN KEY FK_PAINITNG_HIGHEST_ID&quot;)
[EL Fine]: sql: 2014-12-08 13:58:19.154--ServerSession(1373810119)--Connection(1037572328)--Thread(Thread[main,5,main])--DROP TABLE USER
[EL Fine]: sql: 2014-12-08 13:58:19.155--ServerSession(1373810119)--Connection(1037572328)--Thread(Thread[main,5,main])--DROP TABLE ITEM
[EL Fine]: sql: 2014-12-08 13:58:19.155--ServerSession(1373810119)--Connection(1037572328)--Thread(Thread[main,5,main])--DROP TABLE BID
[EL Fine]: sql: 2014-12-08 13:58:19.156--ServerSession(1373810119)--Connection(1037572328)--Thread(Thread[main,5,main])--DROP TABLE CATEGORY
[EL Fine]: sql: 2014-12-08 13:58:19.157--ServerSession(1373810119)--Connection(1037572328)--Thread(Thread[main,5,main])--DROP TABLE FURNITURE
[EL Fine]: sql: 2014-12-08 13:58:19.157--ServerSession(1373810119)--Thread(Thread[main,5,main])--SELECT 1
[EL Warning]: 2014-12-08 13:58:19.158--ServerSession(1373810119)--Thread(Thread[main,5,main])--Exception [EclipseLink-4002] (Eclipse Persistence Services - 2.5.0.v20130507-3faac2b): org.eclipse.persistence.exceptions.DatabaseException
Internal Exception: com.mysql.jdbc.exceptions.MySQLSyntaxErrorException: Unknown table &apos;furniture&apos;
Error Code: 1051
Call: DROP TABLE FURNITURE
Query: DataModifyQuery(sql=&quot;DROP TABLE FURNITURE&quot;)
[EL Fine]: sql: 2014-12-08 13:58:19.158--ServerSession(1373810119)--Connection(1037572328)--Thread(Thread[main,5,main])--DROP TABLE PAINITNG
[EL Fine]: sql: 2014-12-08 13:58:19.159--ServerSession(1373810119)--Thread(Thread[main,5,main])--SELECT 1
[EL Warning]: 2014-12-08 13:58:19.159--ServerSession(1373810119)--Thread(Thread[main,5,main])--Exception [EclipseLink-4002] (Eclipse Persistence Services - 2.5.0.v20130507-3faac2b): org.eclipse.persistence.exceptions.DatabaseException
Internal Exception: com.mysql.jdbc.exceptions.MySQLSyntaxErrorException: Unknown table &apos;painitng&apos;
Error Code: 1051
Call: DROP TABLE PAINITNG
Query: DataModifyQuery(sql=&quot;DROP TABLE PAINITNG&quot;)
[EL Fine]: sql: 2014-12-08 13:58:19.16--ServerSession(1373810119)--Connection(1037572328)--Thread(Thread[main,5,main])--DROP TABLE FURNITURE
[EL Fine]: sql: 2014-12-08 13:58:19.16--ServerSession(1373810119)--Thread(Thread[main,5,main])--SELECT 1
[EL Warning]: 2014-12-08 13:58:19.161--ServerSession(1373810119)--Thread(Thread[main,5,main])--Exception [EclipseLink-4002] (Eclipse Persistence Services - 2.5.0.v20130507-3faac2b): org.eclipse.persistence.exceptions.DatabaseException
Internal Exception: com.mysql.jdbc.exceptions.MySQLSyntaxErrorException: Unknown table &apos;furniture&apos;
Error Code: 1051
Call: DROP TABLE FURNITURE
Query: DataModifyQuery(sql=&quot;DROP TABLE FURNITURE&quot;)
[EL Fine]: sql: 2014-12-08 13:58:19.161--ServerSession(1373810119)--Connection(1037572328)--Thread(Thread[main,5,main])--DROP TABLE PAINITNG
[EL Fine]: sql: 2014-12-08 13:58:19.161--ServerSession(1373810119)--Thread(Thread[main,5,main])--SELECT 1
[EL Warning]: 2014-12-08 13:58:19.162--ServerSession(1373810119)--Thread(Thread[main,5,main])--Exception [EclipseLink-4002] (Eclipse Persistence Services - 2.5.0.v20130507-3faac2b): org.eclipse.persistence.exceptions.DatabaseException
Internal Exception: com.mysql.jdbc.exceptions.MySQLSyntaxErrorException: Unknown table &apos;painitng&apos;
Error Code: 1051
Call: DROP TABLE PAINITNG
Query: DataModifyQuery(sql=&quot;DROP TABLE PAINITNG&quot;)
[EL Fine]: sql: 2014-12-08 13:58:19.162--ServerSession(1373810119)--Connection(1037572328)--Thread(Thread[main,5,main])--DROP TABLE FURNITURE
[EL Fine]: sql: 2014-12-08 13:58:19.163--ServerSession(1373810119)--Thread(Thread[main,5,main])--SELECT 1
[EL Warning]: 2014-12-08 13:58:19.163--ServerSession(1373810119)--Thread(Thread[main,5,main])--Exception [EclipseLink-4002] (Eclipse Persistence Services - 2.5.0.v20130507-3faac2b): org.eclipse.persistence.exceptions.DatabaseException
Internal Exception: com.mysql.jdbc.exceptions.MySQLSyntaxErrorException: Unknown table &apos;furniture&apos;
Error Code: 1051
Call: DROP TABLE FURNITURE
Query: DataModifyQuery(sql=&quot;DROP TABLE FURNITURE&quot;)
[EL Fine]: sql: 2014-12-08 13:58:19.164--ServerSession(1373810119)--Connection(1037572328)--Thread(Thread[main,5,main])--DROP TABLE PAINITNG
[EL Fine]: sql: 2014-12-08 13:58:19.164--ServerSession(1373810119)--Thread(Thread[main,5,main])--SELECT 1
[EL Warning]: 2014-12-08 13:58:19.165--ServerSession(1373810119)--Thread(Thread[main,5,main])--Exception [EclipseLink-4002] (Eclipse Persistence Services - 2.5.0.v20130507-3faac2b): org.eclipse.persistence.exceptions.DatabaseException
Internal Exception: com.mysql.jdbc.exceptions.MySQLSyntaxErrorException: Unknown table &apos;painitng&apos;
Error Code: 1051
Call: DROP TABLE PAINITNG
Query: DataModifyQuery(sql=&quot;DROP TABLE PAINITNG&quot;)
[EL Fine]: sql: 2014-12-08 13:58:19.165--ServerSession(1373810119)--Connection(1037572328)--Thread(Thread[main,5,main])--DROP TABLE FURNITURE
[EL Fine]: sql: 2014-12-08 13:58:19.166--ServerSession(1373810119)--Thread(Thread[main,5,main])--SELECT 1
[EL Warning]: 2014-12-08 13:58:19.166--ServerSession(1373810119)--Thread(Thread[main,5,main])--Exception [EclipseLink-4002] (Eclipse Persistence Services - 2.5.0.v20130507-3faac2b): org.eclipse.persistence.exceptions.DatabaseException
Internal Exception: com.mysql.jdbc.exceptions.MySQLSyntaxErrorException: Unknown table &apos;furniture&apos;
Error Code: 1051
Call: DROP TABLE FURNITURE
Query: DataModifyQuery(sql=&quot;DROP TABLE FURNITURE&quot;)
[EL Fine]: sql: 2014-12-08 13:58:19.167--ServerSession(1373810119)--Connection(1037572328)--Thread(Thread[main,5,main])--DROP TABLE PAINITNG
[EL Fine]: sql: 2014-12-08 13:58:19.167--ServerSession(1373810119)--Thread(Thread[main,5,main])--SELECT 1
[EL Warning]: 2014-12-08 13:58:19.168--ServerSession(1373810119)--Thread(Thread[main,5,main])--Exception [EclipseLink-4002] (Eclipse Persistence Services - 2.5.0.v20130507-3faac2b): org.eclipse.persistence.exceptions.DatabaseException
Internal Exception: com.mysql.jdbc.exceptions.MySQLSyntaxErrorException: Unknown table &apos;painitng&apos;
Error Code: 1051
Call: DROP TABLE PAINITNG
Query: DataModifyQuery(sql=&quot;DROP TABLE PAINITNG&quot;)
[EL Fine]: sql: 2014-12-08 13:58:19.168--ServerSession(1373810119)--Connection(1037572328)--Thread(Thread[main,5,main])--DROP TABLE FURNITURE
[EL Fine]: sql: 2014-12-08 13:58:19.169--ServerSession(1373810119)--Thread(Thread[main,5,main])--SELECT 1
[EL Warning]: 2014-12-08 13:58:19.169--ServerSession(1373810119)--Thread(Thread[main,5,main])--Exception [EclipseLink-4002] (Eclipse Persistence Services - 2.5.0.v20130507-3faac2b): org.eclipse.persistence.exceptions.DatabaseException
Internal Exception: com.mysql.jdbc.exceptions.MySQLSyntaxErrorException: Unknown table &apos;furniture&apos;
Error Code: 1051
Call: DROP TABLE FURNITURE
Query: DataModifyQuery(sql=&quot;DROP TABLE FURNITURE&quot;)
[EL Fine]: sql: 2014-12-08 13:58:19.169--ServerSession(1373810119)--Connection(1037572328)--Thread(Thread[main,5,main])--DROP TABLE PAINITNG
[EL Fine]: sql: 2014-12-08 13:58:19.17--ServerSession(1373810119)--Thread(Thread[main,5,main])--SELECT 1
[EL Warning]: 2014-12-08 13:58:19.171--ServerSession(1373810119)--Thread(Thread[main,5,main])--Exception [EclipseLink-4002] (Eclipse Persistence Services - 2.5.0.v20130507-3faac2b): org.eclipse.persistence.exceptions.DatabaseException
Internal Exception: com.mysql.jdbc.exceptions.MySQLSyntaxErrorException: Unknown table &apos;painitng&apos;
Error Code: 1051
Call: DROP TABLE PAINITNG
Query: DataModifyQuery(sql=&quot;DROP TABLE PAINITNG&quot;)
[EL Fine]: sql: 2014-12-08 13:58:19.171--ServerSession(1373810119)--Connection(1037572328)--Thread(Thread[main,5,main])--CREATE TABLE USER (EMAIL VARCHAR(255) NOT NULL, PRIMARY KEY (EMAIL))
[EL Fine]: sql: 2014-12-08 13:58:19.183--ServerSession(1373810119)--Connection(1037572328)--Thread(Thread[main,5,main])--CREATE TABLE ITEM (ID BIGINT NOT NULL, DESCRIPTION VARCHAR(255), CATEGORY_DESCRIPTION VARCHAR(255), SELLER_EMAIL VARCHAR(255), HIGHEST_ID BIGINT, PRIMARY KEY (ID))
[EL Fine]: sql: 2014-12-08 13:58:19.195--ServerSession(1373810119)--Connection(1037572328)--Thread(Thread[main,5,main])--CREATE TABLE BID (ID BIGINT NOT NULL, TIME LONGBLOB, CENTS BIGINT, CURRENCY VARCHAR(255), BUYER_EMAIL VARCHAR(255), ITEM_ID BIGINT NOT NULL, PRIMARY KEY (ID))
[EL Fine]: sql: 2014-12-08 13:58:19.207--ServerSession(1373810119)--Connection(1037572328)--Thread(Thread[main,5,main])--CREATE TABLE CATEGORY (DESCRIPTION VARCHAR(255) NOT NULL, PRIMARY KEY (DESCRIPTION))
[EL Fine]: sql: 2014-12-08 13:58:19.22--ServerSession(1373810119)--Connection(1037572328)--Thread(Thread[main,5,main])--CREATE TABLE FURNITURE (ID BIGINT NOT NULL, DESCRIPTION VARCHAR(255), MATERIAL VARCHAR(255), CATEGORY_DESCRIPTION VARCHAR(255), SELLER_EMAIL VARCHAR(255), HIGHEST_ID BIGINT, PRIMARY KEY (ID))
[EL Fine]: sql: 2014-12-08 13:58:19.23--ServerSession(1373810119)--Connection(1037572328)--Thread(Thread[main,5,main])--CREATE TABLE PAINITNG (ID BIGINT NOT NULL, DESCRIPTION VARCHAR(255), PAINTER VARCHAR(255), TITLE VARCHAR(255), CATEGORY_DESCRIPTION VARCHAR(255), SELLER_EMAIL VARCHAR(255), HIGHEST_ID BIGINT, PRIMARY KEY (ID))
[EL Fine]: sql: 2014-12-08 13:58:19.24--ServerSession(1373810119)--Connection(1037572328)--Thread(Thread[main,5,main])--ALTER TABLE ITEM ADD CONSTRAINT FK_ITEM_CATEGORY_DESCRIPTION FOREIGN KEY (CATEGORY_DESCRIPTION) REFERENCES CATEGORY (DESCRIPTION)
[EL Fine]: sql: 2014-12-08 13:58:19.25--ServerSession(1373810119)--Connection(1037572328)--Thread(Thread[main,5,main])--ALTER TABLE ITEM ADD CONSTRAINT FK_ITEM_SELLER_EMAIL FOREIGN KEY (SELLER_EMAIL) REFERENCES USER (EMAIL)
[EL Fine]: sql: 2014-12-08 13:58:19.261--ServerSession(1373810119)--Connection(1037572328)--Thread(Thread[main,5,main])--ALTER TABLE ITEM ADD CONSTRAINT FK_ITEM_HIGHEST_ID FOREIGN KEY (HIGHEST_ID) REFERENCES BID (ID)
[EL Fine]: sql: 2014-12-08 13:58:19.271--ServerSession(1373810119)--Connection(1037572328)--Thread(Thread[main,5,main])--ALTER TABLE BID ADD CONSTRAINT FK_BID_BUYER_EMAIL FOREIGN KEY (BUYER_EMAIL) REFERENCES USER (EMAIL)
[EL Fine]: sql: 2014-12-08 13:58:19.281--ServerSession(1373810119)--Connection(1037572328)--Thread(Thread[main,5,main])--ALTER TABLE BID ADD CONSTRAINT FK_BID_ITEM_ID FOREIGN KEY (ITEM_ID) REFERENCES FURNITURE (ID)
[EL Fine]: sql: 2014-12-08 13:58:19.293--ServerSession(1373810119)--Connection(1037572328)--Thread(Thread[main,5,main])--ALTER TABLE FURNITURE ADD CONSTRAINT FK_FURNITURE_HIGHEST_ID FOREIGN KEY (HIGHEST_ID) REFERENCES BID (ID)
[EL Fine]: sql: 2014-12-08 13:58:19.306--ServerSession(1373810119)--Connection(1037572328)--Thread(Thread[main,5,main])--ALTER TABLE FURNITURE ADD CONSTRAINT FK_FURNITURE_SELLER_EMAIL FOREIGN KEY (SELLER_EMAIL) REFERENCES USER (EMAIL)
[EL Fine]: sql: 2014-12-08 13:58:19.317--ServerSession(1373810119)--Connection(1037572328)--Thread(Thread[main,5,main])--ALTER TABLE FURNITURE ADD CONSTRAINT FK_FURNITURE_CATEGORY_DESCRIPTION FOREIGN KEY (CATEGORY_DESCRIPTION) REFERENCES CATEGORY (DESCRIPTION)
[EL Fine]: sql: 2014-12-08 13:58:19.33--ServerSession(1373810119)--Connection(1037572328)--Thread(Thread[main,5,main])--ALTER TABLE PAINITNG ADD CONSTRAINT FK_PAINITNG_SELLER_EMAIL FOREIGN KEY (SELLER_EMAIL) REFERENCES USER (EMAIL)
[EL Fine]: sql: 2014-12-08 13:58:19.341--ServerSession(1373810119)--Connection(1037572328)--Thread(Thread[main,5,main])--ALTER TABLE PAINITNG ADD CONSTRAINT FK_PAINITNG_CATEGORY_DESCRIPTION FOREIGN KEY (CATEGORY_DESCRIPTION) REFERENCES CATEGORY (DESCRIPTION)
[EL Fine]: sql: 2014-12-08 13:58:19.355--ServerSession(1373810119)--Connection(1037572328)--Thread(Thread[main,5,main])--ALTER TABLE PAINITNG ADD CONSTRAINT FK_PAINITNG_HIGHEST_ID FOREIGN KEY (HIGHEST_ID) REFERENCES BID (ID)
[EL Fine]: sql: 2014-12-08 13:58:19.371--ServerSession(1373810119)--Connection(1037572328)--Thread(Thread[main,5,main])--DELETE FROM SEQUENCE WHERE SEQ_NAME = SEQ_GEN
[EL Fine]: sql: 2014-12-08 13:58:19.372--ServerSession(1373810119)--Connection(1037572328)--Thread(Thread[main,5,main])--SELECT * FROM SEQUENCE WHERE SEQ_NAME = SEQ_GEN
[EL Fine]: sql: 2014-12-08 13:58:19.373--ServerSession(1373810119)--Connection(1037572328)--Thread(Thread[main,5,main])--INSERT INTO SEQUENCE(SEQ_NAME, SEQ_COUNT) values (SEQ_GEN, 0)
before auc[EL Fine]: sql: 2014-12-08 13:58:19.421--ClientSession(672777312)--Connection(1037572328)--Thread(Thread[main,5,main])--SET FOREIGN_KEY_CHECKS=0;
[EL Fine]: sql: 2014-12-08 13:58:19.597--ClientSession(672777312)--Connection(1037572328)--Thread(Thread[main,5,main])--DELETE FROM USER
[EL Fine]: sql: 2014-12-08 13:58:19.604--ClientSession(672777312)--Connection(1037572328)--Thread(Thread[main,5,main])--DELETE FROM ITEM
[EL Fine]: sql: 2014-12-08 13:58:19.605--ClientSession(672777312)--Connection(1037572328)--Thread(Thread[main,5,main])--DELETE FROM CATEGORY
[EL Fine]: sql: 2014-12-08 13:58:19.607--ClientSession(672777312)--Connection(1037572328)--Thread(Thread[main,5,main])--DELETE FROM BID
[EL Fine]: sql: 2014-12-08 13:58:19.608--ClientSession(672777312)--Connection(1037572328)--Thread(Thread[main,5,main])--SET FOREIGN_KEY_CHECKS=1;
[EL Fine]: sql: 2014-12-08 13:58:19.619--ServerSession(1373810119)--Connection(1037572328)--Thread(Thread[main,5,main])--SELECT EMAIL FROM USER WHERE (EMAIL = ?)
	bind =&gt; [ss2@nl]
[EL Fine]: sql: 2014-12-08 13:58:19.62--ServerSession(1373810119)--Connection(1037572328)--Thread(Thread[main,5,main])--SELECT EMAIL FROM USER WHERE (EMAIL = ?)
	bind =&gt; [ss2@nl]
[EL Fine]: sql: 2014-12-08 13:58:19.624--ServerSession(1373810119)--Connection(1037572328)--Thread(Thread[main,5,main])--SELECT EMAIL FROM USER WHERE (EMAIL = ?)
	bind =&gt; [bb@nl]
[EL Fine]: sql: 2014-12-08 13:58:19.625--ServerSession(1373810119)--Connection(1037572328)--Thread(Thread[main,5,main])--SELECT EMAIL FROM USER WHERE (EMAIL = ?)
	bind =&gt; [bb@nl]
[EL Fine]: sql: 2014-12-08 13:58:19.626--ServerSession(1373810119)--Connection(1037572328)--Thread(Thread[main,5,main])--SELECT EMAIL FROM USER WHERE (EMAIL = ?)
	bind =&gt; [bb2@nl]
[EL Fine]: sql: 2014-12-08 13:58:19.627--ServerSession(1373810119)--Connection(1037572328)--Thread(Thread[main,5,main])--SELECT EMAIL FROM USER WHERE (EMAIL = ?)
	bind =&gt; [bb2@nl]
[EL Fine]: sql: 2014-12-08 13:58:19.637--ClientSession(1501497655)--Connection(1037572328)--Thread(Thread[main,5,main])--INSERT INTO CATEGORY (DESCRIPTION) VALUES (?)
	bind =&gt; [cat9]
[EL Fine]: sql: 2014-12-08 13:58:19.65--ClientSession(558455114)--Connection(1037572328)--Thread(Thread[main,5,main])--UPDATE SEQUENCE SET SEQ_COUNT = SEQ_COUNT + ? WHERE SEQ_NAME = ?
	bind =&gt; [50, SEQ_GEN]
[EL Fine]: sql: 2014-12-08 13:58:19.651--ClientSession(558455114)--Connection(1037572328)--Thread(Thread[main,5,main])--SELECT SEQ_COUNT FROM SEQUENCE WHERE SEQ_NAME = ?
	bind =&gt; [SEQ_GEN]
[]HighedT
[auction.domain.Bid@380e1909]HighedT
[EL Fine]: sql: 2014-12-08 13:58:19.655--ServerSession(1373810119)--Connection(1037572328)--Thread(Thread[main,5,main])--SELECT DESCRIPTION FROM CATEGORY WHERE (DESCRIPTION = ?)
	bind =&gt; [cat9]
[EL Warning]: 2014-12-08 13:58:19.66--UnitOfWork(1480816641)--Thread(Thread[main,5,main])--java.lang.IllegalStateException: During synchronization a new object was found through a relationship that was not marked cascade PERSIST: auction.domain.Bid@37b56ac7.
</system-out>
  </testcase>
  <testcase classname="auction.service.AuctionMgrTest" name="getItem" time="0.02"/>
  <testcase classname="auction.service.AuctionMgrTest" name="findItemByDescription" time="0.021">
    <skipped/>
  </testcase>
</testsuite>